Traceback (most recent call last):
  File "/home/jed/cu/numpde/VENV/lib/python3.9/site-packages/jupyter_cache/executors/utils.py", line 51, in single_nb_execution
    executenb(
  File "/home/jed/cu/numpde/VENV/lib/python3.9/site-packages/nbclient/client.py", line 1117, in execute
    return NotebookClient(nb=nb, resources=resources, km=km, **kwargs).execute()
  File "/home/jed/cu/numpde/VENV/lib/python3.9/site-packages/nbclient/util.py", line 78, in wrapped
    return just_run(coro(*args, **kwargs))
  File "/home/jed/cu/numpde/VENV/lib/python3.9/site-packages/nbclient/util.py", line 57, in just_run
    return loop.run_until_complete(coro)
  File "/usr/lib/python3.9/asyncio/base_events.py", line 642, in run_until_complete
    return future.result()
  File "/home/jed/cu/numpde/VENV/lib/python3.9/site-packages/nbclient/client.py", line 558, in async_execute
    await self.async_execute_cell(
  File "/home/jed/cu/numpde/VENV/lib/python3.9/site-packages/nbclient/client.py", line 862, in async_execute_cell
    self._check_raise_for_error(cell, exec_reply)
  File "/home/jed/cu/numpde/VENV/lib/python3.9/site-packages/nbclient/client.py", line 765, in _check_raise_for_error
    raise CellExecutionError.from_cell_and_msg(cell, exec_reply_content)
nbclient.exceptions.CellExecutionError: An error occurred while executing the following cell:
------------------
newton(x -> cos(x) - x, x -> -sin(x) - 1, 3*pi/2; verbose=true)
------------------

DomainError with Inf:
cos(x) is only defined for finite x.

Stacktrace:
 [1] cos_domain_error(x::Float64)
   @ Base.Math ./special/trig.jl:97
 [2] cos(x::Float64)
   @ Base.Math ./special/trig.jl:108
 [3] #8
   @ ./In[9]:1 [inlined]
 [4] newton(f::var"#8#10", fp::var"#9#11", x0::Float64; tol::Float64, verbose::Bool)
   @ Main ./In[8]:4
 [5] top-level scope
   @ In[9]:1
 [6] eval
   @ ./boot.jl:360 [inlined]
 [7] include_string(mapexpr::typeof(REPL.softscope), mod::Module, code::String, filename::String)
   @ Base ./loading.jl:1116
LoadError: DomainError with Inf:
cos(x) is only defined for finite x.

